<?xml version="1.0" encoding="UTF-8"?>
<!-- Generated by org.testng.reporters.JUnitReportReporter -->
<testsuite skipped="0" hostname="komal-HP" name="com.qa.hubspot.test.LoginPageTest" tests="3" failures="0" timestamp="2020-07-21T00:32:35 EDT" time="6.729" errors="0">
  <testcase name="verifyisSignUpLinkExistTest" time="5.660" classname="com.qa.hubspot.test.LoginPageTest"/>
  <system-out/>
  <testcase name="verifygetLoginPageTitleTest" time="0.017" classname="com.qa.hubspot.test.LoginPageTest"/>
  <system-out/>
  <testcase name="verifydologinTest" time="1.052" classname="com.qa.hubspot.test.LoginPageTest"/>
  <system-out/>
</testsuite> <!-- com.qa.hubspot.test.LoginPageTest -->
