<?xml version="1.0" encoding="UTF-8"?>
<!-- Generated by org.testng.reporters.JUnitReportReporter -->
<testsuite skipped="0" hostname="komal-HP" name="com.qa.hubspot.test.LoginPageTest" tests="3" failures="0" timestamp="21 Jul 2020 04:29:58 GMT" time="6.593" errors="0">
  <testcase name="verifyisSignUpLinkExistTest" time="5.600" classname="com.qa.hubspot.test.LoginPageTest"/>
  <testcase name="verifygetLoginPageTitleTest" time="0.090" classname="com.qa.hubspot.test.LoginPageTest"/>
  <testcase name="verifydologinTest" time="0.903" classname="com.qa.hubspot.test.LoginPageTest"/>
</testsuite> <!-- com.qa.hubspot.test.LoginPageTest -->
